{"/Users/samburch/Documents/Projects/Node projects/MegaLand-promotions/src/megaLandForm.ts": {"path":"/Users/samburch/Documents/Projects/Node projects/MegaLand-promotions/src/megaLandForm.ts","statementMap":{"0":{"start":{"line":17,"column":4},"end":{"line":17,"column":31}},"1":{"start":{"line":18,"column":4},"end":{"line":18,"column":29}},"2":{"start":{"line":19,"column":4},"end":{"line":19,"column":19}},"3":{"start":{"line":20,"column":4},"end":{"line":20,"column":23}},"4":{"start":{"line":21,"column":4},"end":{"line":21,"column":29}},"5":{"start":{"line":25,"column":4},"end":{"line":25,"column":51}},"6":{"start":{"line":33,"column":18},"end":{"line":33,"column":74}},"7":{"start":{"line":34,"column":4},"end":{"line":34,"column":30}},"8":{"start":{"line":35,"column":4},"end":{"line":35,"column":50}},"9":{"start":{"line":36,"column":4},"end":{"line":36,"column":18}},"10":{"start":{"line":40,"column":4},"end":{"line":40,"column":51}},"11":{"start":{"line":40,"column":32},"end":{"line":40,"column":51}},"12":{"start":{"line":41,"column":4},"end":{"line":41,"column":51}},"13":{"start":{"line":45,"column":23},"end":{"line":45,"column":47}},"14":{"start":{"line":46,"column":25},"end":{"line":46,"column":54}},"15":{"start":{"line":47,"column":24},"end":{"line":47,"column":49}},"16":{"start":{"line":48,"column":4},"end":{"line":48,"column":15}},"17":{"start":{"line":52,"column":61},"end":{"line":52,"column":66}},"18":{"start":{"line":53,"column":4},"end":{"line":119,"column":5}},"19":{"start":{"line":55,"column":8},"end":{"line":65,"column":9}},"20":{"start":{"line":56,"column":10},"end":{"line":56,"column":77}},"21":{"start":{"line":57,"column":10},"end":{"line":57,"column":23}},"22":{"start":{"line":58,"column":15},"end":{"line":65,"column":9}},"23":{"start":{"line":59,"column":10},"end":{"line":59,"column":76}},"24":{"start":{"line":60,"column":10},"end":{"line":60,"column":23}},"25":{"start":{"line":62,"column":10},"end":{"line":62,"column":46}},"26":{"start":{"line":63,"column":10},"end":{"line":63,"column":33}},"27":{"start":{"line":64,"column":10},"end":{"line":64,"column":22}},"28":{"start":{"line":67,"column":30},"end":{"line":67,"column":56}},"29":{"start":{"line":69,"column":10},"end":{"line":69,"column":70}},"30":{"start":{"line":70,"column":8},"end":{"line":73,"column":9}},"31":{"start":{"line":71,"column":10},"end":{"line":71,"column":70}},"32":{"start":{"line":72,"column":10},"end":{"line":72,"column":23}},"33":{"start":{"line":74,"column":8},"end":{"line":84,"column":9}},"34":{"start":{"line":75,"column":10},"end":{"line":79,"column":12}},"35":{"start":{"line":80,"column":10},"end":{"line":80,"column":23}},"36":{"start":{"line":82,"column":10},"end":{"line":82,"column":46}},"37":{"start":{"line":83,"column":10},"end":{"line":83,"column":22}},"38":{"start":{"line":87,"column":20},"end":{"line":87,"column":54}},"39":{"start":{"line":88,"column":8},"end":{"line":91,"column":9}},"40":{"start":{"line":89,"column":10},"end":{"line":89,"column":75}},"41":{"start":{"line":90,"column":10},"end":{"line":90,"column":23}},"42":{"start":{"line":92,"column":8},"end":{"line":109,"column":9}},"43":{"start":{"line":93,"column":10},"end":{"line":97,"column":12}},"44":{"start":{"line":98,"column":10},"end":{"line":98,"column":23}},"45":{"start":{"line":99,"column":15},"end":{"line":109,"column":9}},"46":{"start":{"line":100,"column":10},"end":{"line":104,"column":12}},"47":{"start":{"line":105,"column":10},"end":{"line":105,"column":23}},"48":{"start":{"line":107,"column":10},"end":{"line":107,"column":46}},"49":{"start":{"line":108,"column":10},"end":{"line":108,"column":22}},"50":{"start":{"line":112,"column":8},"end":{"line":118,"column":9}},"51":{"start":{"line":113,"column":10},"end":{"line":113,"column":67}},"52":{"start":{"line":114,"column":10},"end":{"line":114,"column":23}},"53":{"start":{"line":116,"column":10},"end":{"line":116,"column":46}},"54":{"start":{"line":117,"column":10},"end":{"line":117,"column":22}},"55":{"start":{"line":120,"column":4},"end":{"line":120,"column":17}}},"fnMap":{"0":{"name":"(anonymous_0)","decl":{"start":{"line":10,"column":2},"end":{"line":10,"column":3}},"loc":{"start":{"line":16,"column":4},"end":{"line":22,"column":3}},"line":16},"1":{"name":"(anonymous_1)","decl":{"start":{"line":24,"column":2},"end":{"line":24,"column":3}},"loc":{"start":{"line":24,"column":20},"end":{"line":26,"column":3}},"line":24},"2":{"name":"(anonymous_2)","decl":{"start":{"line":28,"column":2},"end":{"line":28,"column":3}},"loc":{"start":{"line":32,"column":13},"end":{"line":37,"column":3}},"line":32},"3":{"name":"(anonymous_3)","decl":{"start":{"line":39,"column":2},"end":{"line":39,"column":3}},"loc":{"start":{"line":39,"column":43},"end":{"line":42,"column":3}},"line":39},"4":{"name":"(anonymous_4)","decl":{"start":{"line":44,"column":2},"end":{"line":44,"column":3}},"loc":{"start":{"line":44,"column":43},"end":{"line":49,"column":3}},"line":44},"5":{"name":"(anonymous_5)","decl":{"start":{"line":51,"column":2},"end":{"line":51,"column":3}},"loc":{"start":{"line":51,"column":52},"end":{"line":121,"column":3}},"line":51}},"branchMap":{"0":{"loc":{"start":{"line":35,"column":22},"end":{"line":35,"column":49}},"type":"cond-expr","locations":[{"start":{"line":35,"column":30},"end":{"line":35,"column":39}},{"start":{"line":35,"column":42},"end":{"line":35,"column":49}}],"line":35},"1":{"loc":{"start":{"line":40,"column":4},"end":{"line":40,"column":51}},"type":"if","locations":[{"start":{"line":40,"column":4},"end":{"line":40,"column":51}},{"start":{},"end":{}}],"line":40},"2":{"loc":{"start":{"line":53,"column":4},"end":{"line":119,"column":5}},"type":"switch","locations":[{"start":{"line":54,"column":6},"end":{"line":65,"column":9}},{"start":{"line":66,"column":6},"end":{"line":84,"column":9}},{"start":{"line":86,"column":6},"end":{"line":109,"column":9}},{"start":{"line":111,"column":6},"end":{"line":118,"column":9}}],"line":53},"3":{"loc":{"start":{"line":55,"column":8},"end":{"line":65,"column":9}},"type":"if","locations":[{"start":{"line":55,"column":8},"end":{"line":65,"column":9}},{"start":{"line":58,"column":15},"end":{"line":65,"column":9}}],"line":55},"4":{"loc":{"start":{"line":55,"column":12},"end":{"line":55,"column":59}},"type":"binary-expr","locations":[{"start":{"line":55,"column":12},"end":{"line":55,"column":36}},{"start":{"line":55,"column":40},"end":{"line":55,"column":59}}],"line":55},"5":{"loc":{"start":{"line":58,"column":15},"end":{"line":65,"column":9}},"type":"if","locations":[{"start":{"line":58,"column":15},"end":{"line":65,"column":9}},{"start":{"line":61,"column":15},"end":{"line":65,"column":9}}],"line":58},"6":{"loc":{"start":{"line":58,"column":19},"end":{"line":58,"column":65}},"type":"binary-expr","locations":[{"start":{"line":58,"column":19},"end":{"line":58,"column":42}},{"start":{"line":58,"column":46},"end":{"line":58,"column":65}}],"line":58},"7":{"loc":{"start":{"line":70,"column":8},"end":{"line":73,"column":9}},"type":"if","locations":[{"start":{"line":70,"column":8},"end":{"line":73,"column":9}},{"start":{},"end":{}}],"line":70},"8":{"loc":{"start":{"line":74,"column":8},"end":{"line":84,"column":9}},"type":"if","locations":[{"start":{"line":74,"column":8},"end":{"line":84,"column":9}},{"start":{"line":81,"column":15},"end":{"line":84,"column":9}}],"line":74},"9":{"loc":{"start":{"line":88,"column":8},"end":{"line":91,"column":9}},"type":"if","locations":[{"start":{"line":88,"column":8},"end":{"line":91,"column":9}},{"start":{},"end":{}}],"line":88},"10":{"loc":{"start":{"line":92,"column":8},"end":{"line":109,"column":9}},"type":"if","locations":[{"start":{"line":92,"column":8},"end":{"line":109,"column":9}},{"start":{"line":99,"column":15},"end":{"line":109,"column":9}}],"line":92},"11":{"loc":{"start":{"line":99,"column":15},"end":{"line":109,"column":9}},"type":"if","locations":[{"start":{"line":99,"column":15},"end":{"line":109,"column":9}},{"start":{"line":106,"column":15},"end":{"line":109,"column":9}}],"line":99},"12":{"loc":{"start":{"line":112,"column":8},"end":{"line":118,"column":9}},"type":"if","locations":[{"start":{"line":112,"column":8},"end":{"line":118,"column":9}},{"start":{"line":115,"column":15},"end":{"line":118,"column":9}}],"line":112},"13":{"loc":{"start":{"line":112,"column":12},"end":{"line":112,"column":51}},"type":"binary-expr","locations":[{"start":{"line":112,"column":12},"end":{"line":112,"column":28}},{"start":{"line":112,"column":32},"end":{"line":112,"column":51}}],"line":112}},"s":{"0":0,"1":0,"2":0,"3":0,"4":0,"5":0,"6":1,"7":1,"8":1,"9":1,"10":0,"11":0,"12":0,"13":1,"14":1,"15":1,"16":1,"17":1,"18":1,"19":0,"20":0,"21":0,"22":0,"23":0,"24":0,"25":0,"26":0,"27":0,"28":0,"29":0,"30":0,"31":0,"32":0,"33":0,"34":0,"35":0,"36":0,"37":0,"38":1,"39":1,"40":0,"41":0,"42":1,"43":1,"44":1,"45":0,"46":0,"47":0,"48":0,"49":0,"50":0,"51":0,"52":0,"53":0,"54":0,"55":0},"f":{"0":0,"1":0,"2":1,"3":0,"4":1,"5":1},"b":{"0":[0,1],"1":[0,0],"2":[0,0,1,0],"3":[0,0],"4":[0,0],"5":[0,0],"6":[0,0],"7":[0,0],"8":[0,0],"9":[0,1],"10":[1,0],"11":[0,0],"12":[0,0],"13":[0,0]},"_coverageSchema":"1a1c01bbd47fc00a2c39e90264f33305004495a9","hash":"afc8fd0dea3abe6caaf92b2617f303ab5de2674d"}
}
